<?xml version="1.0" encoding="UTF-8"?>
<!-- Generated by org.testng.reporters.JUnitXMLReporter -->
<testsuite hostname="Manthans-MacBook-Pro.local" ignored="0" name="Default test" tests="5" failures="0" timestamp="2020-10-06T20:30:17 EDT" time="40.421" errors="0">
  <testcase name="signUpLinkIsDisplayed" time="0.217" classname="com.qa.hubspot.test.LoginPageTest1"/>
  <testcase name="loginPageTitleVerify" time="0.015" classname="com.qa.hubspot.test.LoginPageTest1"/>
  <testcase name="doLoginVerify" time="0.863" classname="com.qa.hubspot.test.LoginPageTest1"/>
  <testcase name="verifyForgotPasswordLink" time="0.136" classname="com.qa.hubspot.test.LoginPageTest1"/>
  <testcase name="verifyShowPasswordLink" time="0.175" classname="com.qa.hubspot.test.LoginPageTest1"/>
</testsuite> <!-- Default test -->
